00:00:00.028394 main     VirtualBox XPCOM Server 6.1.10 r138449 linux.amd64 (Jun  8 2020 08:33:44) release log
00:00:00.028398 main     Log opened 2020-07-13T23:09:11.214900000Z
00:00:00.028399 main     Build Type: release
00:00:00.028402 main     OS Product: Linux
00:00:00.028404 main     OS Release: 5.7.8-arch1-1
00:00:00.028405 main     OS Version: #1 SMP PREEMPT Thu, 09 Jul 2020 16:34:01 +0000
00:00:00.028438 main     DMI Product Name: To be filled by O.E.M.
00:00:00.028450 main     DMI Product Version: To be filled by O.E.M.
00:00:00.028458 main     Firmware type: UEFI
00:00:00.028472 main     Secure Boot: Disabled
00:00:00.028520 main     Host RAM: 15974MB (15.6GB) total, 15468MB (15.1GB) available
00:00:00.028524 main     Executable: /usr/lib/virtualbox/VBoxSVC
00:00:00.028525 main     Process ID: 1131
00:00:00.028526 main     Package type: LINUX_64BITS_GENERIC (OSE)
00:00:00.031170 main     IPC socket path: /tmp/.vbox-michael-ipc/ipcd
00:00:00.188035 nspr-2   VirtualBox: object creation starts
00:00:00.188108 nspr-2   Home directory: '/home/michael/.config/VirtualBox'
00:00:00.214375 nspr-2   Loading settings file "/home/michael/.config/VirtualBox/VirtualBox.xml" with version "1.12-linux"
00:00:00.221773 nspr-2   Successfully initialised host USB using sysfs
00:00:00.246198 nspr-2   NetIfAdpCtlOut: VBoxNetAdpCtl: Error while retrieving link speed for wlp2s0: VBoxNetAdpCtl: ioctl failed: Operation not supported
00:00:00.249467 nspr-2   HostDnsMonitor: initializing
00:00:00.249829 nspr-2   NAT: resolv.conf: nameserver 75.75.75.75
00:00:00.249849 nspr-2   NAT: resolv.conf: nameserver 75.75.76.76
00:00:00.249860 nspr-2   NAT: resolv.conf: nameserver 2001:558:feed::1
00:00:00.249867 nspr-2   NAT: resolv.conf: too many nameserver lines, ignoring 2001:558:feed::2
00:00:00.249882 nspr-2   HostDnsMonitor: updating information
00:00:00.249903 nspr-2   HostDnsMonitor: old information
00:00:00.249908 nspr-2     no server entries
00:00:00.249913 nspr-2     no domain set
00:00:00.249917 nspr-2     no search string entries
00:00:00.249922 nspr-2   HostDnsMonitor: new information
00:00:00.249926 nspr-2     server 1: 75.75.75.75
00:00:00.249930 nspr-2     server 2: 75.75.76.76
00:00:00.249935 nspr-2     server 3: 2001:558:feed::1
00:00:00.249939 nspr-2     domain: hsd1.mn.comcast.net
00:00:00.249943 nspr-2     search string 1: hsd1.mn.comcast.net
00:00:00.322356 nspr-2   VD: VDInit finished with VINF_SUCCESS
00:00:00.323208 nspr-2   ERROR [COM]: aRC=NS_ERROR_FAILURE (0x80004005) aIID={027bc463-929c-40e8-bf16-fea557cd8e7e} aComponent={SystemPropertiesWrap} aText={Cannot determine default Guest Additions ISO location. Most likely they are not available}, preserve=false aResultDetail=0
00:00:00.361225 nspr-2   OCI: Local config file '/home/michael/.config/VirtualBox/oci_config' does not exist
00:00:00.361257 nspr-2   OCI: Original config file '/home/michael/.oci/config' does not exist
00:00:00.361264 nspr-2   OCI: Reading profiles finished with status NS_OK
00:00:00.361732 nspr-2   ExtPack: Created cloud provider 'OCI' (hrc=NS_OK)
00:00:00.361787 nspr-2   VirtualBox: object created
00:00:12.742629 nspr-3   Saving settings file "/home/michael/.config/VirtualBox/VirtualBox.xml" with version "1.12-linux"
00:00:12.822499 nspr-2   Saving settings file "/home/michael/.config/VirtualBox/VirtualBox.xml" with version "1.12-linux"
00:00:12.896237 nspr-2   Saving settings file "/home/michael/.config/VirtualBox/VirtualBox.xml" with version "1.12-linux"
00:00:12.957038 nspr-2   Saving settings file "/home/michael/.config/VirtualBox/VirtualBox.xml" with version "1.12-linux"
00:00:33.871643 createBase Saving settings file "/home/michael/.config/VirtualBox/VirtualBox.xml" with version "1.12-linux"
00:00:34.498564 nspr-4   Saving settings file "/home/michael/VirtualBox VMs/Gentoo/Gentoo.vbox" with version "1.16-linux"
00:00:34.571085 nspr-3   Saving settings file "/home/michael/VirtualBox VMs/Gentoo/Gentoo.vbox" with version "1.16-linux"
00:00:34.661377 nspr-3   Saving settings file "/home/michael/.config/VirtualBox/VirtualBox.xml" with version "1.12-linux"
00:00:34.884221 nspr-3   Saving settings file "/home/michael/.config/VirtualBox/VirtualBox.xml" with version "1.12-linux"
00:00:34.956718 nspr-4   Saving settings file "/home/michael/VirtualBox VMs/Gentoo/Gentoo.vbox" with version "1.16-linux"
00:30:50.031798 nspr-3   Saving settings file "/home/michael/.config/VirtualBox/VirtualBox.xml" with version "1.12-linux"
00:30:50.115129 nspr-2   Saving settings file "/home/michael/.config/VirtualBox/VirtualBox.xml" with version "1.12-linux"
00:30:50.209466 nspr-2   Saving settings file "/home/michael/.config/VirtualBox/VirtualBox.xml" with version "1.12-linux"
00:30:50.285234 nspr-2   Saving settings file "/home/michael/.config/VirtualBox/VirtualBox.xml" with version "1.12-linux"
00:30:50.360669 nspr-4   Saving settings file "/home/michael/.config/VirtualBox/VirtualBox.xml" with version "1.12-linux"
00:30:55.953662 main     VirtualBox: object deletion starts
00:30:55.953718 main     ERROR [COM]: aRC=VBOX_E_OBJECT_IN_USE (0x80bb000c) aIID={ad47ad09-787b-44ab-b343-a082a3f2dfb1} aComponent={MediumWrap} aText={Medium '/home/michael/VirtualBox VMs/Gentoo/Gentoo.vdi' cannot be closed because it is still attached to 1 virtual machines}, preserve=false aResultDetail=0
00:30:55.954261 main     HostDnsMonitor: shutting down ...
00:30:55.958107 main     HostDnsMonitor: shut down
00:30:56.356836 Watcher  ERROR [COM]: aRC=E_ACCESSDENIED (0x80070005) aIID={d0a0163f-e254-4e5b-a1f2-011cf991c38d} aComponent={VirtualBoxWrap} aText={The object is not ready}, preserve=false aResultDetail=0
00:31:00.964756 main     {00007f90d8019390} HostPowerServiceLinux::~HostPowerServiceLinux: RTThreadWait() for 5000 ms failed with VERR_TIMEOUT
00:31:00.965329 main     VirtualBox: object deleted
