Started ElixirLS v0.5.0
Elixir version: "1.10.3 (compiled with Erlang/OTP 22)"
Erlang version: "23"
ElixirLS compiled with Elixir 1.7.4 and erlang 20
MIX_ENV: test
MIX_TARGET: 
Could not find Hex, which is needed to build dependency :phoenix
Could not find Hex, which is needed to build dependency :phoenix
* creating /home/michael/.mix/archives/hex-0.20.5
Resolving Hex dependencies...
Dependency resolution completed:
Unchanged:
  connection 1.0.4
  cowboy 2.8.0
  cowlib 2.9.1
  db_connection 2.2.2
  decimal 1.8.1
  ecto 3.4.5
  ecto_sql 3.4.5
  file_system 0.2.8
  gettext 0.18.0
  jason 1.2.1
  mime 1.3.1
  phoenix 1.5.3
  phoenix_ecto 4.1.0
  phoenix_html 2.14.2
  phoenix_live_dashboard 0.2.7
  phoenix_live_reload 1.2.4
  phoenix_live_view 0.14.0
  phoenix_pubsub 2.0.0
  plug 1.10.3
  plug_cowboy 2.3.0
  plug_crypto 1.1.2
  postgrex 0.15.5
  ranch 1.7.1
  telemetry 0.4.2
  telemetry_metrics 0.5.0
  telemetry_poller 0.5.1
* Getting phoenix (Hex package)
* Getting phoenix_ecto (Hex package)
* Getting ecto_sql (Hex package)
* Getting postgrex (Hex package)
* Getting phoenix_html (Hex package)
* Getting phoenix_live_reload (Hex package)
* Getting phoenix_live_dashboard (Hex package)
* Getting telemetry_metrics (Hex package)
* Getting telemetry_poller (Hex package)
* Getting gettext (Hex package)
* Getting jason (Hex package)
* Getting plug_cowboy (Hex package)
* Getting cowboy (Hex package)
* Getting plug (Hex package)
* Getting telemetry (Hex package)
* Getting mime (Hex package)
* Getting plug_crypto (Hex package)
* Getting cowlib (Hex package)
* Getting ranch (Hex package)
* Getting phoenix_live_view (Hex package)
* Getting file_system (Hex package)
* Getting connection (Hex package)
* Getting db_connection (Hex package)
* Getting decimal (Hex package)
* Getting ecto (Hex package)
* Getting phoenix_pubsub (Hex package)
==> connection
Compiling 1 file (.ex)
Generated connection app
==> gettext
Compiling 1 file (.yrl)
Compiling 1 file (.erl)
Compiling 20 files (.ex)
* creating /home/michael/.mix/archives/hex-0.20.5

23:37:56.434 [error] GenServer ElixirLS.LanguageServer.Server terminating
** (Mix.Error) Unknown dependency :ecto given to :import_deps in the formatter configuration. The dependency is not listed in your mix.exs for environment :prod
    (mix 1.10.3) lib/mix.ex:392: Mix.raise/1
    (mix 1.10.3) lib/mix/tasks/format.ex:246: anonymous fn/3 in Mix.Tasks.Format.eval_deps_opts/2
    (elixir 1.10.3) lib/enum.ex:2111: Enum."-reduce/3-lists^foldl/2-0-"/3
    (mix 1.10.3) lib/mix/tasks/format.ex:245: Mix.Tasks.Format.eval_deps_opts/2
    (mix 1.10.3) lib/mix/tasks/format.ex:201: anonymous fn/5 in Mix.Tasks.Format.eval_deps_and_subdirectories/4
    (mix 1.10.3) lib/mix/tasks/format.ex:210: Mix.Tasks.Format.maybe_cache_in_manifest/3
    (mix 1.10.3) lib/mix/tasks/format.ex:160: Mix.Tasks.Format.formatter_opts_for_file/2
    (language_server 0.5.0) lib/language_server/server.ex:487: ElixirLS.LanguageServer.Server.handle_request/2
Last message: {:"$gen_cast", {:receive_packet, %{"id" => 5, "jsonrpc" => "2.0", "method" => "textDocument/completion", "params" => %{"context" => %{"triggerKind" => 1}, "position" => %{"character" => 7, "line" => 22}, "textDocument" => %{"uri" => "file:///home/michael/GitRepos/fish-phoenix/lib/fish_phx_web.ex"}}}}}
State: %ElixirLS.LanguageServer.Server{analysis_ready?: false, awaiting_contracts: [{{#PID<0.139.0>, #Reference<0.1841218613.3460300802.3533>}, "file:///home/michael/GitRepos/fish-phoenix/lib/fish_phx_web.ex"}, {{#PID<0.135.0>, #Reference<0.1841218613.3460300802.3311>}, "file:///home/michael/GitRepos/fish-phoenix/lib/fish_phx_web.ex"}], build_diagnostics: [], build_ref: #Reference<0.1841218613.3460300801.4142>, build_running?: true, client_capabilities: %{"textDocument" => %{"codeAction" => %{"codeActionLiteralSupport" => %{"codeActionKind" => %{"valueSet" => ["", "quickfix", "refactor", "refactor.extract", "refactor.inline", "refactor.rewrite", "source", "source.organizeImports"]}}, "dynamicRegistration" => true, "isPreferredSupport" => true}, "codeLens" => %{"dynamicRegistration" => true}, "colorProvider" => %{"dynamicRegistration" => true}, "completion" => %{"completionItem" => %{"commitCharactersSupport" => true, "deprecatedSupport" => true, "documentationFormat" => ["markdown", "plaintext"], "preselectSupport" => true, "snippetSupport" => true, "tagSupport" => %{"valueSet" => [1]}}, "completionItemKind" => %{"valueSet" => [1, 2, 3, 4, 5, 6, 7, 8, 9, 10, 11, 12, 13, 14, 15, 16, 17, 18, 19, 20, 21, 22, 23, 24, 25]}, "contextSupport" => true, "dynamicRegistration" => true}, "declaration" => %{"dynamicRegistration" => true, "linkSupport" => true}, "definition" => %{"dynamicRegistration" => true, "linkSupport" => true}, "documentHighlight" => %{"dynamicRegistration" => true}, "documentLink" => %{"dynamicRegistration" => true, "tooltipSupport" => true}, "documentSymbol" => %{"dynamicRegistration" => true, "hierarchicalDocumentSymbolSupport" => true, "symbolKind" => %{"valueSet" => [1, 2, 3, 4, 5, 6, 7, 8, 9, 10, 11, 12, 13, 14, 15, 16, 17, 18, 19, 20, 21, 22, 23, 24, 25, 26]}}, "foldingRange" => %{"dynamicRegistration" => true, "lineFoldingOnly" => true, "rangeLimit" => 5000}, "formatting" => %{"dynamicRegistration" => true}, "hover" => %{"contentFormat" => ["markdown", "plaintext"], "dynamicRegistration" => true}, "implementation" => %{"dynamicRegistration" => true, "linkSupport" => true}, "onTypeFormatting" => %{"dynamicRegistration" => true}, "publishDiagnostics" => %{"relatedInformation" => true, "tagSupport" => %{"valueSet" => [1, 2]}, "versionSupport" => false}, "rangeFormatting" => %{"dynamicRegistration" => true}, "references" => %{"dynamicRegistration" => true}, "rename" => %{"dynamicRegistration" => true, "prepareSupport" => true}, "selectionRange" => %{"dynamicRegistration" => true}, "signatureHelp" => %{"contextSupport" => true, "dynamicRegistration" => true, "signatureInformation" => %{"documentationFormat" => ["markdown", "plaintext"], "parameterInformation" => %{"labelOffsetSupport" => true}}}, "synchronization" => %{"didSave" => true, "dynamicRegistration" => true, "willSave" => true, "willSaveWaitUntil" => true}, "typeDefinition" => %{"dynamicRegistration" => true, "linkSupport" => true}}, "window" => %{"workDoneProgress" => true}, "workspace" => %{"applyEdit" => true, "configuration" => true, "didChangeConfiguration" => %{"dynamicRegistration" => true}, "didChangeWatchedFiles" => %{"dynamicRegistration" => true}, "executeCommand" => %{"dynamicRegistration" => true}, "symbol" => %{"dynamicRegistration" => true, "symbolKind" => %{"valueSet" => [1, 2, 3, 4, 5, 6, 7, 8, 9, 10, 11, 12, 13, 14, 15, 16, 17, 18, 19, 20, 21, 22, 23, 24, 25, 26]}}, "workspaceEdit" => %{"documentChanges" => true, "failureHandling" => "textOnlyTransactional", "resourceOperations" => ["create", "rename", "delete"]}, "workspaceFolders" => true}}, dialyzer_diagnostics: [], dialyzer_sup: #PID<0.125.0>, load_all_modules?: false, needs_build?: false, project_dir: "/home/michael/GitRepos/fish-phoenix", received_shutdown?: false, requests: %{3 => #PID<0.139.0>}, root_uri: "file:///home/michael/GitRepos/fish-phoenix", server_instance_id: "ShfHd06E1qxdO_VuRJL1HwNHA0c70Xwl", settings: %{"dialyzerEnabled" => true, "dialyzerFormat" => "dialyxir_long", "dialyzerWarnOpts" => [], "fetchDeps" => true, "mixEnv" => "test", "mixTarget" => "", "projectDir" => "", "suggestSpecs" => true, "trace" => %{"server" => "off"}}, source_files: %{"file:///home/michael/GitRepos/fish-phoenix/lib/fish_phx_web.ex" => %ElixirLS.LanguageServer.SourceFile{dirty?: true, text: "defmodule FishPhxWeb do\n  @moduledoc \"\"\"\n  The entrypoint for defining your web interface, such\n  as controllers, views, channels and so on.\n\n  This can be used in your application as:\n\n      use FishPhxWeb, :controller\n      use FishPhxWeb, :view\n\n  The definitions below will be executed for every view,\n  controller, etc, so keep them short and clean, focused\n  on imports, uses and aliases.\n\n  Do NOT define functions inside the quoted expressions\n  below. Instead, define any helper function in modules\n  and import those modules here.\n  \"\"\"\n\n  def controller do\n    quote do\n      use Phoenix.Controller, namespace: FishPhxWeb\n      R\n      import Plug.Conn\n      import FishPhxWeb.Gettext\n      alias FishPhxWeb.Router.Helpers, as: Routes\n    end\n  end\n\n  def view do\n    quote do\n      use Phoenix.View,\n        root: \"lib/fish_phx_web/templates\",\n        namespace: FishPhxWeb\n\n      # Import convenience functions from controllers\n      import Phoenix.Controller,\n        only: [get_flash: 1, get_flash: 2, view_module: 1, view_template: 1]\n\n      # Include shared imports and aliases for views\n      unquote(view_helpers())\n    end\n  end\n\n  def router do\n    quote do\n      use Phoenix.Router\n\n      import Plug.Conn\n      import Phoenix.Controller\n    end\n  end\n\n  def channel do\n    quote do\n      use Phoenix.Channel\n      import FishPhxWeb.Gettext\n    end\n  end\n\n  defp view_helpers do\n    quote do\n      # Use all HTML functionality (forms, tags, etc)\n      use Phoenix.HTML\n\n      # Import basic rendering functionality (render, render_layout, etc)\n      import Phoenix.View\n\n      import FishPhxWeb.ErrorHelpers\n      import FishPhxWeb.Gettext\n      alias FishPhxWeb.Router.Helpers, as: Routes\n    end\n  end\n\n  @doc \"\"\"\n  When used, dispatch to the appropriate controller/view/etc.\n  \"\"\"\n  defmacro __using__(which) when is_atom(which) do\n    apply(__MODULE__, which, [])\n  end\nend\n", version: 4}}}
[Info  - 11:37:58 PM] Connection to server got closed. Server will restart.
[Error - 11:37:58 PM] Request textDocument/codeLens failed.
Error: Connection got disposed.
	at Object.dispose (/home/michael/.vscode-oss/extensions/jakebecker.elixir-ls-0.5.0/node_modules/vscode-jsonrpc/lib/main.js:904:25)
	at Object.dispose (/home/michael/.vscode-oss/extensions/jakebecker.elixir-ls-0.5.0/node_modules/vscode-languageclient/lib/client.js:74:35)
	at LanguageClient.handleConnectionClosed (/home/michael/.vscode-oss/extensions/jakebecker.elixir-ls-0.5.0/node_modules/vscode-languageclient/lib/client.js:2309:42)
	at LanguageClient.handleConnectionClosed (/home/michael/.vscode-oss/extensions/jakebecker.elixir-ls-0.5.0/node_modules/vscode-languageclient/lib/main.js:155:15)
	at closeHandler (/home/michael/.vscode-oss/extensions/jakebecker.elixir-ls-0.5.0/node_modules/vscode-languageclient/lib/client.js:2296:18)
	at CallbackList.invoke (/home/michael/.vscode-oss/extensions/jakebecker.elixir-ls-0.5.0/node_modules/vscode-jsonrpc/lib/events.js:62:39)
	at Emitter.fire (/home/michael/.vscode-oss/extensions/jakebecker.elixir-ls-0.5.0/node_modules/vscode-jsonrpc/lib/events.js:121:36)
	at closeHandler (/home/michael/.vscode-oss/extensions/jakebecker.elixir-ls-0.5.0/node_modules/vscode-jsonrpc/lib/main.js:240:26)
	at CallbackList.invoke (/home/michael/.vscode-oss/extensions/jakebecker.elixir-ls-0.5.0/node_modules/vscode-jsonrpc/lib/events.js:62:39)
	at Emitter.fire (/home/michael/.vscode-oss/extensions/jakebecker.elixir-ls-0.5.0/node_modules/vscode-jsonrpc/lib/events.js:121:36)
	at StreamMessageWriter.fireClose (/home/michael/.vscode-oss/extensions/jakebecker.elixir-ls-0.5.0/node_modules/vscode-jsonrpc/lib/messageWriter.js:39:27)
	at Socket.<anonymous> (/home/michael/.vscode-oss/extensions/jakebecker.elixir-ls-0.5.0/node_modules/vscode-jsonrpc/lib/messageWriter.js:58:46)
	at Socket.emit (events.js:203:13)
	at Pipe.<anonymous> (net.js:588:12)
[Error - 11:37:58 PM] Request textDocument/completion failed.
Error: Connection got disposed.
	at Object.dispose (/home/michael/.vscode-oss/extensions/jakebecker.elixir-ls-0.5.0/node_modules/vscode-jsonrpc/lib/main.js:904:25)
	at Object.dispose (/home/michael/.vscode-oss/extensions/jakebecker.elixir-ls-0.5.0/node_modules/vscode-languageclient/lib/client.js:74:35)
	at LanguageClient.handleConnectionClosed (/home/michael/.vscode-oss/extensions/jakebecker.elixir-ls-0.5.0/node_modules/vscode-languageclient/lib/client.js:2309:42)
	at LanguageClient.handleConnectionClosed (/home/michael/.vscode-oss/extensions/jakebecker.elixir-ls-0.5.0/node_modules/vscode-languageclient/lib/main.js:155:15)
	at closeHandler (/home/michael/.vscode-oss/extensions/jakebecker.elixir-ls-0.5.0/node_modules/vscode-languageclient/lib/client.js:2296:18)
	at CallbackList.invoke (/home/michael/.vscode-oss/extensions/jakebecker.elixir-ls-0.5.0/node_modules/vscode-jsonrpc/lib/events.js:62:39)
	at Emitter.fire (/home/michael/.vscode-oss/extensions/jakebecker.elixir-ls-0.5.0/node_modules/vscode-jsonrpc/lib/events.js:121:36)
	at closeHandler (/home/michael/.vscode-oss/extensions/jakebecker.elixir-ls-0.5.0/node_modules/vscode-jsonrpc/lib/main.js:240:26)
	at CallbackList.invoke (/home/michael/.vscode-oss/extensions/jakebecker.elixir-ls-0.5.0/node_modules/vscode-jsonrpc/lib/events.js:62:39)
	at Emitter.fire (/home/michael/.vscode-oss/extensions/jakebecker.elixir-ls-0.5.0/node_modules/vscode-jsonrpc/lib/events.js:121:36)
	at StreamMessageWriter.fireClose (/home/michael/.vscode-oss/extensions/jakebecker.elixir-ls-0.5.0/node_modules/vscode-jsonrpc/lib/messageWriter.js:39:27)
	at Socket.<anonymous> (/home/michael/.vscode-oss/extensions/jakebecker.elixir-ls-0.5.0/node_modules/vscode-jsonrpc/lib/messageWriter.js:58:46)
	at Socket.emit (events.js:203:13)
	at Pipe.<anonymous> (net.js:588:12)
[Error - 11:37:58 PM] Request textDocument/completion failed.
Error: Connection got disposed.
	at Object.dispose (/home/michael/.vscode-oss/extensions/jakebecker.elixir-ls-0.5.0/node_modules/vscode-jsonrpc/lib/main.js:904:25)
	at Object.dispose (/home/michael/.vscode-oss/extensions/jakebecker.elixir-ls-0.5.0/node_modules/vscode-languageclient/lib/client.js:74:35)
	at LanguageClient.handleConnectionClosed (/home/michael/.vscode-oss/extensions/jakebecker.elixir-ls-0.5.0/node_modules/vscode-languageclient/lib/client.js:2309:42)
	at LanguageClient.handleConnectionClosed (/home/michael/.vscode-oss/extensions/jakebecker.elixir-ls-0.5.0/node_modules/vscode-languageclient/lib/main.js:155:15)
	at closeHandler (/home/michael/.vscode-oss/extensions/jakebecker.elixir-ls-0.5.0/node_modules/vscode-languageclient/lib/client.js:2296:18)
	at CallbackList.invoke (/home/michael/.vscode-oss/extensions/jakebecker.elixir-ls-0.5.0/node_modules/vscode-jsonrpc/lib/events.js:62:39)
	at Emitter.fire (/home/michael/.vscode-oss/extensions/jakebecker.elixir-ls-0.5.0/node_modules/vscode-jsonrpc/lib/events.js:121:36)
	at closeHandler (/home/michael/.vscode-oss/extensions/jakebecker.elixir-ls-0.5.0/node_modules/vscode-jsonrpc/lib/main.js:240:26)
	at CallbackList.invoke (/home/michael/.vscode-oss/extensions/jakebecker.elixir-ls-0.5.0/node_modules/vscode-jsonrpc/lib/events.js:62:39)
	at Emitter.fire (/home/michael/.vscode-oss/extensions/jakebecker.elixir-ls-0.5.0/node_modules/vscode-jsonrpc/lib/events.js:121:36)
	at StreamMessageWriter.fireClose (/home/michael/.vscode-oss/extensions/jakebecker.elixir-ls-0.5.0/node_modules/vscode-jsonrpc/lib/messageWriter.js:39:27)
	at Socket.<anonymous> (/home/michael/.vscode-oss/extensions/jakebecker.elixir-ls-0.5.0/node_modules/vscode-jsonrpc/lib/messageWriter.js:58:46)
	at Socket.emit (events.js:203:13)
	at Pipe.<anonymous> (net.js:588:12)
[Error - 11:37:58 PM] Request textDocument/codeLens failed.
Error: Connection got disposed.
	at Object.dispose (/home/michael/.vscode-oss/extensions/jakebecker.elixir-ls-0.5.0/node_modules/vscode-jsonrpc/lib/main.js:904:25)
	at Object.dispose (/home/michael/.vscode-oss/extensions/jakebecker.elixir-ls-0.5.0/node_modules/vscode-languageclient/lib/client.js:74:35)
	at LanguageClient.handleConnectionClosed (/home/michael/.vscode-oss/extensions/jakebecker.elixir-ls-0.5.0/node_modules/vscode-languageclient/lib/client.js:2309:42)
	at LanguageClient.handleConnectionClosed (/home/michael/.vscode-oss/extensions/jakebecker.elixir-ls-0.5.0/node_modules/vscode-languageclient/lib/main.js:155:15)
	at closeHandler (/home/michael/.vscode-oss/extensions/jakebecker.elixir-ls-0.5.0/node_modules/vscode-languageclient/lib/client.js:2296:18)
	at CallbackList.invoke (/home/michael/.vscode-oss/extensions/jakebecker.elixir-ls-0.5.0/node_modules/vscode-jsonrpc/lib/events.js:62:39)
	at Emitter.fire (/home/michael/.vscode-oss/extensions/jakebecker.elixir-ls-0.5.0/node_modules/vscode-jsonrpc/lib/events.js:121:36)
	at closeHandler (/home/michael/.vscode-oss/extensions/jakebecker.elixir-ls-0.5.0/node_modules/vscode-jsonrpc/lib/main.js:240:26)
	at CallbackList.invoke (/home/michael/.vscode-oss/extensions/jakebecker.elixir-ls-0.5.0/node_modules/vscode-jsonrpc/lib/events.js:62:39)
	at Emitter.fire (/home/michael/.vscode-oss/extensions/jakebecker.elixir-ls-0.5.0/node_modules/vscode-jsonrpc/lib/events.js:121:36)
	at StreamMessageWriter.fireClose (/home/michael/.vscode-oss/extensions/jakebecker.elixir-ls-0.5.0/node_modules/vscode-jsonrpc/lib/messageWriter.js:39:27)
	at Socket.<anonymous> (/home/michael/.vscode-oss/extensions/jakebecker.elixir-ls-0.5.0/node_modules/vscode-jsonrpc/lib/messageWriter.js:58:46)
	at Socket.emit (events.js:203:13)
	at Pipe.<anonymous> (net.js:588:12)
[Error - 11:37:58 PM] Request textDocument/documentSymbol failed.
Error: Connection got disposed.
	at Object.dispose (/home/michael/.vscode-oss/extensions/jakebecker.elixir-ls-0.5.0/node_modules/vscode-jsonrpc/lib/main.js:904:25)
	at Object.dispose (/home/michael/.vscode-oss/extensions/jakebecker.elixir-ls-0.5.0/node_modules/vscode-languageclient/lib/client.js:74:35)
	at LanguageClient.handleConnectionClosed (/home/michael/.vscode-oss/extensions/jakebecker.elixir-ls-0.5.0/node_modules/vscode-languageclient/lib/client.js:2309:42)
	at LanguageClient.handleConnectionClosed (/home/michael/.vscode-oss/extensions/jakebecker.elixir-ls-0.5.0/node_modules/vscode-languageclient/lib/main.js:155:15)
	at closeHandler (/home/michael/.vscode-oss/extensions/jakebecker.elixir-ls-0.5.0/node_modules/vscode-languageclient/lib/client.js:2296:18)
	at CallbackList.invoke (/home/michael/.vscode-oss/extensions/jakebecker.elixir-ls-0.5.0/node_modules/vscode-jsonrpc/lib/events.js:62:39)
	at Emitter.fire (/home/michael/.vscode-oss/extensions/jakebecker.elixir-ls-0.5.0/node_modules/vscode-jsonrpc/lib/events.js:121:36)
	at closeHandler (/home/michael/.vscode-oss/extensions/jakebecker.elixir-ls-0.5.0/node_modules/vscode-jsonrpc/lib/main.js:240:26)
	at CallbackList.invoke (/home/michael/.vscode-oss/extensions/jakebecker.elixir-ls-0.5.0/node_modules/vscode-jsonrpc/lib/events.js:62:39)
	at Emitter.fire (/home/michael/.vscode-oss/extensions/jakebecker.elixir-ls-0.5.0/node_modules/vscode-jsonrpc/lib/events.js:121:36)
	at StreamMessageWriter.fireClose (/home/michael/.vscode-oss/extensions/jakebecker.elixir-ls-0.5.0/node_modules/vscode-jsonrpc/lib/messageWriter.js:39:27)
	at Socket.<anonymous> (/home/michael/.vscode-oss/extensions/jakebecker.elixir-ls-0.5.0/node_modules/vscode-jsonrpc/lib/messageWriter.js:58:46)
	at Socket.emit (events.js:203:13)
	at Pipe.<anonymous> (net.js:588:12)
Started ElixirLS v0.5.0
Elixir version: "1.10.3 (compiled with Erlang/OTP 22)"
Erlang version: "23"
ElixirLS compiled with Elixir 1.7.4 and erlang 20
MIX_ENV: test
MIX_TARGET: 
==> gettext
Compiling 1 file (.erl)
Compiling 20 files (.ex)
Generated gettext app
==> fish_phx
Could not find "rebar3", which is needed to build dependency :ranch
I can install a local copy which is just used by Mix
* creating /home/michael/.mix/rebar
* creating /home/michael/.mix/rebar3
===> Compiling ranch
===> Compiling telemetry
==> telemetry_metrics
Compiling 7 files (.ex)
Generated telemetry_metrics app
===> Compiling telemetry_poller
==> decimal
Compiling 1 file (.ex)
Generated decimal app
==> jason
Compiling 8 files (.ex)
Generated jason app
==> db_connection
Compiling 14 files (.ex)
Generated db_connection app
==> ecto
Compiling 55 files (.ex)
Generated ecto app
==> phoenix_pubsub
Compiling 11 files (.ex)
Generated phoenix_pubsub app
===> Compiling cowlib
===> Compiling cowboy
==> mime
Compiling 2 files (.ex)
[Error - 11:38:39 PM] Request textDocument/documentSymbol failed.
  Message: [DocumentSymbols] Compilation error while parsing source file
  Code: -32000 
Generated mime app
==> postgrex
Compiling 61 files (.ex)
Generated postgrex app
==> ecto_sql
Compiling 26 files (.ex)
Generated ecto_sql app
==> plug_crypto
Compiling 5 files (.ex)
Generated plug_crypto app
==> plug
Compiling 1 file (.erl)
Compiling 40 files (.ex)
[Warn  - 11:38:50 PM] warning: System.stacktrace/0 outside of rescue/catch clauses is deprecated. If you want to support only Elixir v1.7+, you must access __STACKTRACE__ inside a rescue/catch. If you want to support earlier Elixir versions, move System.stacktrace/0 inside a rescue/catch
  lib/plug/conn/wrapper_error.ex:23

Generated plug app
==> phoenix_html
Compiling 8 files (.ex)
Generated phoenix_html app
==> plug_cowboy
Compiling 6 files (.ex)
Generated plug_cowboy app
==> phoenix
Compiling 66 files (.ex)
[Error - 11:38:57 PM] Request textDocument/documentSymbol failed.
  Message: [DocumentSymbols] Compilation error while parsing source file
  Code: -32000 
Generated phoenix app
==> phoenix_live_view
Compiling 18 files (.ex)
Generated phoenix_live_view app
==> phoenix_live_dashboard
Compiling 33 files (.ex)
Generated phoenix_live_dashboard app
==> phoenix_ecto
Compiling 7 files (.ex)
Generated phoenix_ecto app
==> fish_phx
Compiling 28 files (.ex)
Generated fish_phx app
[Info  - 11:39:03 PM] Compile took 65280 milliseconds
[Info  - 11:39:03 PM] [ElixirLS WorkspaceSymbols] Indexing...
MIX_ENV: test
MIX_TARGET: 
[Info  - 11:39:03 PM] [ElixirLS WorkspaceSymbols] Module discovery complete
[Info  - 11:39:03 PM] [ElixirLS WorkspaceSymbols] 272 callbacks added to index
[Info  - 11:39:04 PM] Compile took 482 milliseconds
[Info  - 11:39:04 PM] [ElixirLS Dialyzer] Checking for stale beam files
[Info  - 11:39:06 PM] [ElixirLS WorkspaceSymbols] 830 modules added to index
[Info  - 11:39:07 PM] [ElixirLS WorkspaceSymbols] 685 types added to index
[Info  - 11:39:07 PM] [ElixirLS Dialyzer] Found 673 changed files in 3648 milliseconds
[Info  - 11:39:15 PM] [ElixirLS WorkspaceSymbols] 10874 functions added to index
MIX_ENV: test
MIX_TARGET: 
Compiling 2 files (.ex)
[Info  - 11:39:19 PM] Compile took 344 milliseconds
[Info  - 11:39:19 PM] [ElixirLS WorkspaceSymbols] Updating index...
[Info  - 11:39:19 PM] [ElixirLS Dialyzer] Checking for stale beam files
[Info  - 11:39:19 PM] [ElixirLS WorkspaceSymbols] 2 modules need reindexing
[Info  - 11:39:19 PM] [ElixirLS WorkspaceSymbols] 0 callbacks added to index
[Info  - 11:39:19 PM] [ElixirLS WorkspaceSymbols] 2 modules added to index
[Info  - 11:39:19 PM] [ElixirLS WorkspaceSymbols] 0 types added to index
[Info  - 11:39:19 PM] [ElixirLS WorkspaceSymbols] 24 functions added to index
[Info  - 11:39:23 PM] [ElixirLS Dialyzer] Found 673 changed files in 3439 milliseconds
