[2020-07-12 23:37:13.759] [sharedprocess] [info] main {"machineId":"86a3c5a423b653f9c6b1f4e04956311842d25ccaf6536e82e0ced28b28fa926b","windowId":2}
[2020-07-12 23:37:13.783] [sharedprocess] [error] [File Watcher (node.js)] Error: ENOENT: no such file or directory, stat '/home/michael/.config/Code - OSS/User/snippets'
[2020-07-12 23:37:17.459] [sharedprocess] [info] Installing extension: esbenp.prettier-vscode
[2020-07-12 23:37:18.264] [sharedprocess] [info] Downloaded extension: esbenp.prettier-vscode /home/michael/.config/Code - OSS/CachedExtensionVSIXs/esbenp.prettier-vscode-5.1.3
[2020-07-12 23:37:18.464] [sharedprocess] [info] Extracted extension to /home/michael/.vscode-oss/extensions/.esbenp.prettier-vscode-5.1.3: esbenp.prettier-vscode
[2020-07-12 23:37:18.464] [sharedprocess] [info] Renamed to /home/michael/.vscode-oss/extensions/esbenp.prettier-vscode-5.1.3
[2020-07-12 23:37:18.465] [sharedprocess] [info] Installation completed. esbenp.prettier-vscode
[2020-07-12 23:37:18.514] [sharedprocess] [info] Extensions installed successfully: esbenp.prettier-vscode
[2020-07-12 23:37:22.239] [sharedprocess] [info] Installing extension: jakebecker.elixir-ls
[2020-07-12 23:37:22.941] [sharedprocess] [info] Downloaded extension: jakebecker.elixir-ls /home/michael/.config/Code - OSS/CachedExtensionVSIXs/jakebecker.elixir-ls-0.5.0
[2020-07-12 23:37:23.358] [sharedprocess] [info] Extracted extension to /home/michael/.vscode-oss/extensions/.jakebecker.elixir-ls-0.5.0: jakebecker.elixir-ls
[2020-07-12 23:37:23.359] [sharedprocess] [info] Renamed to /home/michael/.vscode-oss/extensions/jakebecker.elixir-ls-0.5.0
[2020-07-12 23:37:23.361] [sharedprocess] [info] Installation completed. jakebecker.elixir-ls
[2020-07-12 23:37:23.412] [sharedprocess] [info] Extensions installed successfully: jakebecker.elixir-ls
[2020-07-12 23:37:31.161] [sharedprocess] [info] Installing extension: zhuangtongfa.material-theme
[2020-07-12 23:37:31.843] [sharedprocess] [info] Downloaded extension: zhuangtongfa.material-theme /home/michael/.config/Code - OSS/CachedExtensionVSIXs/zhuangtongfa.material-theme-3.8.3
[2020-07-12 23:37:32.011] [sharedprocess] [info] Extracted extension to /home/michael/.vscode-oss/extensions/.zhuangtongfa.material-theme-3.8.3: zhuangtongfa.material-theme
[2020-07-12 23:37:32.011] [sharedprocess] [info] Renamed to /home/michael/.vscode-oss/extensions/zhuangtongfa.material-theme-3.8.3
[2020-07-12 23:37:32.012] [sharedprocess] [info] Installation completed. zhuangtongfa.material-theme
[2020-07-12 23:37:32.178] [sharedprocess] [info] Extensions installed successfully: zhuangtongfa.material-theme
[2020-07-12 23:37:53.777] [sharedprocess] [info] Starting to clean up unused language packs.
